<?xml version="1.0" encoding="UTF-8"?>
<!-- Generated by org.testng.reporters.JUnitReportReporter -->
<testsuite hostname="DESKTOP-AV58R31" failures="0" tests="1" name="driverFactory.AppTest" time="19.002" errors="0" timestamp="2024-04-22T05:33:16 CDT" skipped="0">
  <testcase classname="driverFactory.AppTest" name="kickStart" time="19.002"/>
  <system-out/>
</testsuite> <!-- driverFactory.AppTest -->
