<?xml version="1.0" encoding="UTF-8"?>
<!-- Generated by org.testng.reporters.JUnitReportReporter -->
<testsuite hostname="DESKTOP-AV58R31" failures="0" tests="1" name="driverFactory.DriverScript" time="18.857" errors="0" timestamp="2024-04-25T06:20:16 CDT" skipped="0">
  <testcase classname="driverFactory.DriverScript" name="startTest" time="18.857"/>
  <system-out/>
</testsuite> <!-- driverFactory.DriverScript -->
