<?xml version="1.0" encoding="UTF-8"?>
<!-- Generated by org.testng.reporters.JUnitReportReporter -->
<testsuite hostname="DESKTOP-AV58R31" failures="0" tests="1" name="driverFactory.AppTest" time="20.967" errors="0" timestamp="2024-05-03T08:01:26 CDT" skipped="0">
  <testcase classname="driverFactory.AppTest" name="kickStart" time="20.967"/>
</testsuite> <!-- driverFactory.AppTest -->
